<?xml version="1.0" encoding="UTF-8"?>
<!-- Generated by org.testng.reporters.JUnitXMLReporter -->
<testsuite hostname="petespc" ignored="0" name="Validating Modification of Text Fields" tests="4" failures="0" timestamp="20 Aug 2021 19:03:59 GMT" time="109.461" errors="0">
  <testcase name="modifyDescription" time="0.982" classname="wordPressTests.ModifyTextFieldsTest"/>
  <testcase name="modifyDisplayName" time="0.785" classname="wordPressTests.ModifyTextFieldsTest"/>
  <testcase name="modifyFirstName" time="0.598" classname="wordPressTests.ModifyTextFieldsTest"/>
  <testcase name="modifyLastName" time="0.524" classname="wordPressTests.ModifyTextFieldsTest"/>
</testsuite> <!-- Validating Modification of Text Fields -->
