<?xml version="1.0" encoding="UTF-8"?>
<!-- Generated by org.testng.reporters.JUnitXMLReporter -->
<testsuite hostname="petespc" ignored="0" name="Validating Modification of Text Fields" tests="4" failures="0" timestamp="23 Aug 2021 16:18:18 GMT" time="126.067" errors="0">
  <testcase name="modifyDescription" time="0.921" classname="wordPressTests.ModifyTextFieldsTest"/>
  <testcase name="modifyDisplayName" time="0.68" classname="wordPressTests.ModifyTextFieldsTest"/>
  <testcase name="modifyFirstName" time="0.647" classname="wordPressTests.ModifyTextFieldsTest"/>
  <testcase name="modifyLastName" time="0.54" classname="wordPressTests.ModifyTextFieldsTest"/>
</testsuite> <!-- Validating Modification of Text Fields -->
