<?xml version="1.0" encoding="UTF-8"?>
<!-- Generated by org.testng.reporters.JUnitXMLReporter -->
<testsuite hostname="petespc" ignored="0" name="Validating Adding and Removing Profile URL Links" tests="4" failures="0" timestamp="23 Aug 2021 16:18:56 GMT" time="37.741" errors="0">
  <testcase name="profileAddLink" time="1.881" classname="wordPressTests.ProfileLinkTests"/>
  <testcase name="profileDeleteLink" time="0.51" classname="wordPressTests.ProfileLinkTests"/>
  <testcase name="wordPressAddLink" time="1.176" classname="wordPressTests.ProfileLinkTests"/>
  <testcase name="wordPressDeleteLink" time="0.516" classname="wordPressTests.ProfileLinkTests"/>
</testsuite> <!-- Validating Adding and Removing Profile URL Links -->
