<?xml version="1.0" encoding="UTF-8"?>
<!-- Generated by org.testng.reporters.JUnitXMLReporter -->
<testsuite hostname="petespc" ignored="0" name="Default test" tests="4" failures="0" timestamp="20 Aug 2021 18:57:44 GMT" time="106.303" errors="0">
  <testcase name="modifyDescription" time="1.382" classname="wordPressTests.ModifyTextFieldsTest"/>
  <testcase name="modifyDisplayName" time="0.648" classname="wordPressTests.ModifyTextFieldsTest"/>
  <testcase name="modifyFirstName" time="0.6" classname="wordPressTests.ModifyTextFieldsTest"/>
  <testcase name="modifyLastName" time="0.602" classname="wordPressTests.ModifyTextFieldsTest"/>
</testsuite> <!-- Default test -->
